<?xml version="1.0" encoding="UTF-8"?>
<!-- Generated by org.testng.reporters.JUnitReportReporter -->
<testsuite hostname="Thangampriya" failures="0" tests="1" name="testCases.TC002_LoginTest" time="1.638" errors="0" timestamp="2024-12-27T13:37:17 IST" skipped="0">
  <testcase classname="testCases.TC002_LoginTest" name="verify_login" time="1.638"/>
</testsuite> <!-- testCases.TC002_LoginTest -->
