<?xml version="1.0" encoding="UTF-8"?>
<!-- Generated by org.testng.reporters.JUnitReportReporter -->
<testsuite hostname="Thangampriya" failures="0" tests="1" name="testCases.TC002_LoginTest" time="1.412" errors="0" timestamp="2025-02-02T17:31:43 IST" skipped="0">
  <testcase classname="testCases.TC002_LoginTest" name="verify_login" time="1.412"/>
</testsuite> <!-- testCases.TC002_LoginTest -->
